<?xml version="1.0" encoding="UTF-8"?>
<!-- Generated by org.testng.reporters.JUnitReportReporter -->
<testsuite skipped="0" hostname="HIGURP78024" name="com.empirix.TestCases.ClientProfileTest" tests="2" failures="0" timestamp="2020-04-16T12:31:15 IST" time="60.799" errors="0">
  <testcase name="validateClientName" time="60.734" classname="com.empirix.TestCases.ClientProfileTest"/>
  <testcase name="validateClientDescription" time="0.065" classname="com.empirix.TestCases.ClientProfileTest"/>
</testsuite> <!-- com.empirix.TestCases.ClientProfileTest -->
