<?xml version="1.0" encoding="UTF-8"?>
<!-- Generated by org.testng.reporters.JUnitReportReporter -->
<testsuite skipped="0" hostname="HIGURP78024" name="com.empirix.TestCases.ClientProfileTest" tests="2" failures="0" timestamp="2020-03-30T03:26:43 IST" time="85.751" errors="0">
  <testcase name="validateClientName" time="83.238" classname="com.empirix.TestCases.ClientProfileTest"/>
  <testcase name="validateClientDescription" time="2.513" classname="com.empirix.TestCases.ClientProfileTest"/>
</testsuite> <!-- com.empirix.TestCases.ClientProfileTest -->
