<?xml version="1.0" encoding="UTF-8"?>
<!-- Generated by org.testng.reporters.JUnitReportReporter -->
<testsuite skipped="0" hostname="HIGURP78024" name="com.empirix.TestCases.LoginTest" tests="3" failures="0" timestamp="2020-04-16T12:31:15 IST" time="23.334" errors="0">
  <testcase name="validateTitleOnLoginPage" time="0.051" classname="com.empirix.TestCases.LoginTest"/>
  <testcase name="validateSignIn" time="23.271" classname="com.empirix.TestCases.LoginTest"/>
  <testcase name="validatetitleOnDashboardPage" time="0.012" classname="com.empirix.TestCases.LoginTest"/>
</testsuite> <!-- com.empirix.TestCases.LoginTest -->
