<?xml version="1.0" encoding="UTF-8"?>
<!-- Generated by org.testng.reporters.JUnitReportReporter -->
<testsuite skipped="0" hostname="HIGURP78024" name="com.empirix.TestCases.DashboardTest" tests="7" failures="0" timestamp="2020-03-30T04:40:06 IST" time="48.160" errors="0">
  <testcase name="validateAlertsTab" time="24.855" classname="com.empirix.TestCases.DashboardTest"/>
  <testcase name="validateTestsTab" time="3.735" classname="com.empirix.TestCases.DashboardTest"/>
  <testcase name="validateVariablesTab" time="2.302" classname="com.empirix.TestCases.DashboardTest"/>
  <testcase name="validateNotificationsTab" time="2.987" classname="com.empirix.TestCases.DashboardTest"/>
  <testcase name="validateDashboardTab" time="3.669" classname="com.empirix.TestCases.DashboardTest"/>
  <testcase name="validateJapaneeseLanguageSelection" time="2.462" classname="com.empirix.TestCases.DashboardTest"/>
  <testcase name="validateEnglishLanguageSelection" time="8.150" classname="com.empirix.TestCases.DashboardTest"/>
</testsuite> <!-- com.empirix.TestCases.DashboardTest -->
